<?xml version="1.0" encoding="UTF-8"?>
<testsuite xmlns:xsi="http://www.w3.org/2001/XMLSchema-instance" xsi:noNamespaceSchemaLocation="https://maven.apache.org/surefire/maven-surefire-plugin/xsd/surefire-test-report-3.0.xsd" version="3.0" name="TestSuite" time="7.124" tests="1" errors="0" skipped="0" failures="0">
  <properties>
[...]
</properties>
  <testcase name="runScenario[&quot;1 default&quot;, &quot;Optional[default]&quot;](1)" classname="runner.TestRunner" time="5.449">
    <system-out><![CDATA[
@default
Scenario: 1 default   &amp#27;[90m# src/test/features/defaultFeature.feature:3&amp#27;[0m
2022-10-26 18:00:40 INFO  InitSteps:27 - Starting scenario: 1 default
2022-10-26 18:00:40 INFO  Driver:75 - STARTING with url: http://109.228.57.213:4444/wd/hub/
2022-10-26 18:00:43 INFO  Driver:77 - DRIVER STARTED
  &amp#27;[32mGiven &amp#27;[0m&amp#27;[32mI open &amp#27;[0m&amp#27;[32m&amp#27;[1m"home"&amp#27;[0m &amp#27;[90m# steps.GenericTests.iOpen(java.lang.String)&amp#27;[0m
]]></system-out>
    <system-err><![CDATA[SLF4J: Failed to load class "org.slf4j.impl.StaticLoggerBinder".
SLF4J: Defaulting to no-operation (NOP) logger implementation
SLF4J: See http://www.slf4j.org/codes.html#StaticLoggerBinder for further details.
Oct 26, 2022 6:00:43 PM org.openqa.selenium.remote.ProtocolHandshake createSession
INFO: Detected dialect: W3C
]]></system-err>
  </testcase>
</testsuite>