<?xml version="1.0" encoding="UTF-8"?>
<testng-results ignored="0" total="1" passed="1" failed="0" skipped="0">
  <reporter-output>
  </reporter-output>
  <suite started-at="2022-10-26T18:00:39 BST" name="self-test" finished-at="2022-10-26T18:00:45 BST" duration-ms="6276">
    <groups>
      <group name="cucumber">
        <method signature="AbstractTestNGCucumberTests.runScenario(io.cucumber.testng.PickleWrapper,io.cucumber.testng.FeatureWrapper)[pri:0, instance:runner.TestRunner@21282ed8]" name="runScenario" class="io.cucumber.testng.AbstractTestNGCucumberTests"/>
      </group> <!-- cucumber -->
    </groups>
    <test started-at="2022-10-26T18:00:39 BST" name="api" finished-at="2022-10-26T18:00:45 BST" duration-ms="6276">
      <class name="runner.TestRunner">
        <test-method is-config="true" signature="setUpClass()[pri:0, instance:runner.TestRunner@21282ed8]" started-at="2022-10-26T18:00:39 BST" name="setUpClass" finished-at="2022-10-26T18:00:39 BST" duration-ms="602" status="PASS">
          <reporter-output>
          </reporter-output>
        </test-method> <!-- setUpClass -->
        <test-method signature="runScenario(io.cucumber.testng.PickleWrapper,io.cucumber.testng.FeatureWrapper)[pri:0, instance:runner.TestRunner@21282ed8]" started-at="2022-10-26T18:00:39 BST" name="runScenario" description="Runs Cucumber Scenarios" data-provider="scenarios" finished-at="2022-10-26T18:00:45 BST" duration-ms="5445" status="PASS">
          <params>
            <param index="0">
              <value>
                <![CDATA["1 default"]]>
              </value>
            </param>
            <param index="1">
              <value>
                <![CDATA["Optional[default]"]]>
              </value>
            </param>
          </params>
          <reporter-output>
          </reporter-output>
        </test-method> <!-- runScenario -->
        <test-method is-config="true" signature="tearDownClass()[pri:0, instance:runner.TestRunner@21282ed8]" started-at="2022-10-26T18:00:45 BST" name="tearDownClass" finished-at="2022-10-26T18:00:45 BST" duration-ms="167" status="PASS">
          <reporter-output>
          </reporter-output>
        </test-method> <!-- tearDownClass -->
      </class> <!-- runner.TestRunner -->
    </test> <!-- api -->
  </suite> <!-- self-test -->
</testng-results>
