<?xml version="1.0" encoding="UTF-8"?>
<testng-results ignored="0" total="1" passed="1" failed="0" skipped="0">
  <reporter-output>
  </reporter-output>
  <suite started-at="2022-11-08T19:57:35 GMT" name="self-test" finished-at="2022-11-08T19:57:43 GMT" duration-ms="7874">
    <groups>
      <group name="cucumber">
        <method signature="AbstractTestNGCucumberTests.runScenario(io.cucumber.testng.PickleWrapper,io.cucumber.testng.FeatureWrapper)[pri:0, instance:runner.TestRunner@21282ed8]" name="runScenario" class="io.cucumber.testng.AbstractTestNGCucumberTests"/>
      </group> <!-- cucumber -->
    </groups>
    <test started-at="2022-11-08T19:57:35 GMT" name="api" finished-at="2022-11-08T19:57:43 GMT" duration-ms="7874">
      <class name="runner.TestRunner">
        <test-method is-config="true" signature="setUpClass()[pri:0, instance:runner.TestRunner@21282ed8]" started-at="2022-11-08T19:57:35 GMT" name="setUpClass" finished-at="2022-11-08T19:57:36 GMT" duration-ms="296" status="PASS">
          <reporter-output>
          </reporter-output>
        </test-method> <!-- setUpClass -->
        <test-method signature="runScenario(io.cucumber.testng.PickleWrapper,io.cucumber.testng.FeatureWrapper)[pri:0, instance:runner.TestRunner@21282ed8]" started-at="2022-11-08T19:57:36 GMT" name="runScenario" description="Runs Cucumber Scenarios" data-provider="scenarios" finished-at="2022-11-08T19:57:43 GMT" duration-ms="7484" status="PASS">
          <params>
            <param index="0">
              <value>
                <![CDATA["1 default"]]>
              </value>
            </param>
            <param index="1">
              <value>
                <![CDATA["Optional[default]"]]>
              </value>
            </param>
          </params>
          <reporter-output>
          </reporter-output>
        </test-method> <!-- runScenario -->
        <test-method is-config="true" signature="tearDownClass()[pri:0, instance:runner.TestRunner@21282ed8]" started-at="2022-11-08T19:57:43 GMT" name="tearDownClass" finished-at="2022-11-08T19:57:43 GMT" duration-ms="65" status="PASS">
          <reporter-output>
          </reporter-output>
        </test-method> <!-- tearDownClass -->
      </class> <!-- runner.TestRunner -->
    </test> <!-- api -->
  </suite> <!-- self-test -->
</testng-results>
